# JRE version: Java(TM) SE Runtime Environment (8.0_40-b26) (build 1.8.0_40-b26)
# Java VM: Java HotSpot(TM) 64-Bit Server VM (25.40-b25 mixed mode linux-amd64 )
Heap:
 PSYoungGen      total 11161088K, used 3556970K [0x00007fc30a580000, 0x00007fc5b4d00000, 0x00007fc5b5000000)
  eden space 11142656K, 31% used [0x00007fc30a580000,0x00007fc3e371a8f8,0x00007fc5b2700000)
  from space 18432K, 0% used [0x00007fc5b3b00000,0x00007fc5b3b00000,0x00007fc5b4d00000)
  to   space 19456K, 0% used [0x00007fc5b2700000,0x00007fc5b2700000,0x00007fc5b3a00000)
 ParOldGen       total 13634560K, used 8609467K [0x00007fbdb5000000, 0x00007fc0f5300000, 0x00007fc30a580000)
  object space 13634560K, 63% used [0x00007fbdb5000000,0x00007fbfc27aeec8,0x00007fc0f5300000)
 Metaspace       used 4424K, capacity 4504K, committed 4608K, reserved 8192K
GC Heap History (10 events):
Event: 633.205 GC heap before
{Heap before GC invocations=20 (full 2):
 PSYoungGen      total 11160576K, used 32K [0x00007fc30a580000, 0x00007fc5b4e80000, 0x00007fc5b5000000)
  eden space 11140096K, 0% used [0x00007fc30a580000,0x00007fc30a580000,0x00007fc5b2480000)
  from space 20480K, 0% used [0x00007fc5b3a80000,0x00007fc5b3a88000,0x00007fc5b4e80000)
  to   space 21504K, 0% used [0x00007fc5b2480000,0x00007fc5b2480000,0x00007fc5b3980000)
 ParOldGen       total 14357504K, used 12515277K [0x00007fbdb5000000, 0x00007fc121500000, 0x00007fc30a580000)
  object space 14357504K, 87% used [0x00007fbdb5000000,0x00007fc0b0df3688,0x00007fc121500000)
 Metaspace       used 3994K, capacity 4440K, committed 4608K, reserved 8192K
Event: 639.287 GC heap after
Heap after GC invocations=20 (full 2):
 PSYoungGen      total 11160576K, used 0K [0x00007fc30a580000, 0x00007fc5b4e80000, 0x00007fc5b5000000)
  eden space 11140096K, 0% used [0x00007fc30a580000,0x00007fc30a580000,0x00007fc5b2480000)
  from space 20480K, 0% used [0x00007fc5b3a80000,0x00007fc5b3a80000,0x00007fc5b4e80000)
  to   space 21504K, 0% used [0x00007fc5b2480000,0x00007fc5b2480000,0x00007fc5b3980000)
 ParOldGen       total 13364736K, used 9390277K [0x00007fbdb5000000, 0x00007fc0e4b80000, 0x00007fc30a580000)
  object space 13364736K, 70% used [0x00007fbdb5000000,0x00007fbff22316c0,0x00007fc0e4b80000)
 Metaspace       used 3994K, capacity 4440K, committed 4608K, reserved 8192K
}
Event: 656.619 GC heap before
{Heap before GC invocations=21 (full 2):
 PSYoungGen      total 11160576K, used 11140096K [0x00007fc30a580000, 0x00007fc5b4e80000, 0x00007fc5b5000000)
  eden space 11140096K, 100% used [0x00007fc30a580000,0x00007fc5b2480000,0x00007fc5b2480000)
  from space 20480K, 0% used [0x00007fc5b3a80000,0x00007fc5b3a80000,0x00007fc5b4e80000)
  to   space 21504K, 0% used [0x00007fc5b2480000,0x00007fc5b2480000,0x00007fc5b3980000)
 ParOldGen       total 13364736K, used 9390277K [0x00007fbdb5000000, 0x00007fc0e4b80000, 0x00007fc30a580000)
  object space 13364736K, 70% used [0x00007fbdb5000000,0x00007fbff22316c0,0x00007fc0e4b80000)
 Metaspace       used 3997K, capacity 4440K, committed 4608K, reserved 8192K
Event: 675.359 GC heap after
Heap after GC invocations=21 (full 2):
 PSYoungGen      total 11161600K, used 1641K [0x00007fc30a580000, 0x00007fc5b4f00000, 0x00007fc5b5000000)
  eden space 11140096K, 0% used [0x00007fc30a580000,0x00007fc30a580000,0x00007fc5b2480000)
  from space 21504K, 7% used [0x00007fc5b2480000,0x00007fc5b261a5e8,0x00007fc5b3980000)
  to   space 20480K, 0% used [0x00007fc5b3b00000,0x00007fc5b3b00000,0x00007fc5b4f00000)
 ParOldGen       total 13364736K, used 13296683K [0x00007fbdb5000000, 0x00007fc0e4b80000, 0x00007fc30a580000)
  object space 13364736K, 99% used [0x00007fbdb5000000,0x00007fc0e090aff0,0x00007fc0e4b80000)
 Metaspace       used 3997K, capacity 4440K, committed 4608K, reserved 8192K
}
Event: 675.359 GC heap before
{Heap before GC invocations=22 (full 3):
 PSYoungGen      total 11161600K, used 1641K [0x00007fc30a580000, 0x00007fc5b4f00000, 0x00007fc5b5000000)
  eden space 11140096K, 0% used [0x00007fc30a580000,0x00007fc30a580000,0x00007fc5b2480000)
  from space 21504K, 7% used [0x00007fc5b2480000,0x00007fc5b261a5e8,0x00007fc5b3980000)
  to   space 20480K, 0% used [0x00007fc5b3b00000,0x00007fc5b3b00000,0x00007fc5b4f00000)
 ParOldGen       total 13364736K, used 13296683K [0x00007fbdb5000000, 0x00007fc0e4b80000, 0x00007fc30a580000)
  object space 13364736K, 99% used [0x00007fbdb5000000,0x00007fc0e090aff0,0x00007fc0e4b80000)
 Metaspace       used 3997K, capacity 4440K, committed 4608K, reserved 8192K
Event: 678.118 GC heap after
Heap after GC invocations=22 (full 3):
 PSYoungGen      total 11161600K, used 0K [0x00007fc30a580000, 0x00007fc5b4f00000, 0x00007fc5b5000000)
  eden space 11140096K, 0% used [0x00007fc30a580000,0x00007fc30a580000,0x00007fc5b2480000)
  from space 21504K, 0% used [0x00007fc5b2480000,0x00007fc5b2480000,0x00007fc5b3980000)
  to   space 20480K, 0% used [0x00007fc5b3b00000,0x00007fc5b3b00000,0x00007fc5b4f00000)
 ParOldGen       total 15040000K, used 10173217K [0x00007fbdb5000000, 0x00007fc14af80000, 0x00007fc30a580000)
  object space 15040000K, 67% used [0x00007fbdb5000000,0x00007fc021ec8718,0x00007fc14af80000)
 Metaspace       used 3997K, capacity 4440K, committed 4608K, reserved 8192K
}
Event: 688.972 GC heap before
{Heap before GC invocations=23 (full 3):
 PSYoungGen      total 11161600K, used 9220215K [0x00007fc30a580000, 0x00007fc5b4f00000, 0x00007fc5b5000000)
  eden space 11140096K, 82% used [0x00007fc30a580000,0x00007fc53d19dd80,0x00007fc5b2480000)
  from space 21504K, 0% used [0x00007fc5b2480000,0x00007fc5b2480000,0x00007fc5b3980000)
  to   space 20480K, 0% used [0x00007fc5b3b00000,0x00007fc5b3b00000,0x00007fc5b4f00000)
 ParOldGen       total 15040000K, used 10173217K [0x00007fbdb5000000, 0x00007fc14af80000, 0x00007fc30a580000)
  object space 15040000K, 67% used [0x00007fbdb5000000,0x00007fc021ec8718,0x00007fc14af80000)
 Metaspace       used 4012K, capacity 4504K, committed 4608K, reserved 8192K
Event: 689.409 GC heap after
Heap after GC invocations=23 (full 3):
 PSYoungGen      total 11161088K, used 671K [0x00007fc30a580000, 0x00007fc5b4d00000, 0x00007fc5b5000000)
  eden space 11142656K, 0% used [0x00007fc30a580000,0x00007fc30a580000,0x00007fc5b2700000)
  from space 18432K, 3% used [0x00007fc5b3b00000,0x00007fc5b3ba7ed8,0x00007fc5b4d00000)
  to   space 19456K, 0% used [0x00007fc5b2700000,0x00007fc5b2700000,0x00007fc5b3a00000)
 ParOldGen       total 15040000K, used 12517124K [0x00007fbdb5000000, 0x00007fc14af80000, 0x00007fc30a580000)
  object space 15040000K, 83% used [0x00007fbdb5000000,0x00007fc0b0fc1060,0x00007fc14af80000)
 Metaspace       used 4012K, capacity 4504K, committed 4608K, reserved 8192K
}
Event: 689.409 GC heap before
{Heap before GC invocations=24 (full 4):
 PSYoungGen      total 11161088K, used 671K [0x00007fc30a580000, 0x00007fc5b4d00000, 0x00007fc5b5000000)
  eden space 11142656K, 0% used [0x00007fc30a580000,0x00007fc30a580000,0x00007fc5b2700000)
  from space 18432K, 3% used [0x00007fc5b3b00000,0x00007fc5b3ba7ed8,0x00007fc5b4d00000)
  to   space 19456K, 0% used [0x00007fc5b2700000,0x00007fc5b2700000,0x00007fc5b3a00000)
 ParOldGen       total 15040000K, used 12517124K [0x00007fbdb5000000, 0x00007fc14af80000, 0x00007fc30a580000)
  object space 15040000K, 83% used [0x00007fbdb5000000,0x00007fc0b0fc1060,0x00007fc14af80000)
 Metaspace       used 4012K, capacity 4504K, committed 4608K, reserved 8192K
Event: 690.367 GC heap after
Heap after GC invocations=24 (full 4):
 PSYoungGen      total 11161088K, used 0K [0x00007fc30a580000, 0x00007fc5b4d00000, 0x00007fc5b5000000)
  eden space 11142656K, 0% used [0x00007fc30a580000,0x00007fc30a580000,0x00007fc5b2700000)
  from space 18432K, 0% used [0x00007fc5b3b00000,0x00007fc5b3b00000,0x00007fc5b4d00000)
  to   space 19456K, 0% used [0x00007fc5b2700000,0x00007fc5b2700000,0x00007fc5b3a00000)
 ParOldGen       total 13634560K, used 8609467K [0x00007fbdb5000000, 0x00007fc0f5300000, 0x00007fc30a580000)
  object space 13634560K, 63% used [0x00007fbdb5000000,0x00007fbfc27aeec8,0x00007fc0f5300000)
 Metaspace       used 4012K, capacity 4504K, committed 4608K, reserved 8192K
}

